[0.023s] Invoking command in '/home/adi/turtlebot3_ws/build/turtlebot3_simulations': AMENT_PREFIX_PATH=/home/adi/turtlebot3_ws/install/turtlebot3_gazebo:/home/adi/turtlebot3_ws/install/turtlebot3_fake_node:${AMENT_PREFIX_PATH} CMAKE_PREFIX_PATH=/home/adi/turtlebot3_ws/install/turtlebot3_gazebo:/home/adi/turtlebot3_ws/install/turtlebot3_fake_node:/home/adi/arduinobot_ws/install/aruinobot_cpp_examples:/home/adi/arduinobot_ws/install/arduinobot_remote:/home/adi/arduinobot_ws/install/arduinobot_msgs:/home/adi/arduinobot_ws/install/arduinobot_movit:/home/adi/arduinobot_ws/install/arduinobot_description:/home/adi/arduinobot_ws/install/arduinobot_controller:/home/adi/arduinobot_ws/install/arduinobot_utils:/home/adi/arduinobot_ws/install/arduinobot_py_examples:/opt/ros/humble:/home/adi/catkin_ws/devel:/opt/ros/noetic /usr/bin/cmake /home/adi/turtlebot3_ws/src/turtlebot3_simulations -DCMAKE_INSTALL_PREFIX=/home/adi/turtlebot3_ws/install/turtlebot3_simulations
[0.154s] -- The C compiler identification is GNU 11.4.0
[0.232s] -- The CXX compiler identification is GNU 11.4.0
[0.240s] -- Detecting C compiler ABI info
[0.331s] -- Detecting C compiler ABI info - done
[0.336s] -- Check for working C compiler: /usr/bin/cc - skipped
[0.337s] -- Detecting C compile features
[0.338s] -- Detecting C compile features - done
[0.341s] -- Detecting CXX compiler ABI info
[0.417s] -- Detecting CXX compiler ABI info - done
[0.432s] -- Check for working CXX compiler: /usr/bin/c++ - skipped
[0.432s] -- Detecting CXX compile features
[0.433s] -- Detecting CXX compile features - done
[0.446s] -- Found ament_cmake: 1.3.8 (/opt/ros/humble/share/ament_cmake/cmake)
[0.654s] -- Found Python3: /usr/bin/python3 (found version "3.10.12") found components: Interpreter 
[0.816s] -- Configuring done
[0.817s] -- Generating done
[0.818s] -- Build files have been written to: /home/adi/turtlebot3_ws/build/turtlebot3_simulations
[0.821s] Invoked command in '/home/adi/turtlebot3_ws/build/turtlebot3_simulations' returned '0': AMENT_PREFIX_PATH=/home/adi/turtlebot3_ws/install/turtlebot3_gazebo:/home/adi/turtlebot3_ws/install/turtlebot3_fake_node:${AMENT_PREFIX_PATH} CMAKE_PREFIX_PATH=/home/adi/turtlebot3_ws/install/turtlebot3_gazebo:/home/adi/turtlebot3_ws/install/turtlebot3_fake_node:/home/adi/arduinobot_ws/install/aruinobot_cpp_examples:/home/adi/arduinobot_ws/install/arduinobot_remote:/home/adi/arduinobot_ws/install/arduinobot_msgs:/home/adi/arduinobot_ws/install/arduinobot_movit:/home/adi/arduinobot_ws/install/arduinobot_description:/home/adi/arduinobot_ws/install/arduinobot_controller:/home/adi/arduinobot_ws/install/arduinobot_utils:/home/adi/arduinobot_ws/install/arduinobot_py_examples:/opt/ros/humble:/home/adi/catkin_ws/devel:/opt/ros/noetic /usr/bin/cmake /home/adi/turtlebot3_ws/src/turtlebot3_simulations -DCMAKE_INSTALL_PREFIX=/home/adi/turtlebot3_ws/install/turtlebot3_simulations
[0.823s] Invoking command in '/home/adi/turtlebot3_ws/build/turtlebot3_simulations': AMENT_PREFIX_PATH=/home/adi/turtlebot3_ws/install/turtlebot3_gazebo:/home/adi/turtlebot3_ws/install/turtlebot3_fake_node:${AMENT_PREFIX_PATH} CMAKE_PREFIX_PATH=/home/adi/turtlebot3_ws/install/turtlebot3_gazebo:/home/adi/turtlebot3_ws/install/turtlebot3_fake_node:/home/adi/arduinobot_ws/install/aruinobot_cpp_examples:/home/adi/arduinobot_ws/install/arduinobot_remote:/home/adi/arduinobot_ws/install/arduinobot_msgs:/home/adi/arduinobot_ws/install/arduinobot_movit:/home/adi/arduinobot_ws/install/arduinobot_description:/home/adi/arduinobot_ws/install/arduinobot_controller:/home/adi/arduinobot_ws/install/arduinobot_utils:/home/adi/arduinobot_ws/install/arduinobot_py_examples:/opt/ros/humble:/home/adi/catkin_ws/devel:/opt/ros/noetic /usr/bin/cmake --build /home/adi/turtlebot3_ws/build/turtlebot3_simulations -- -j12 -l12
[0.865s] Invoked command in '/home/adi/turtlebot3_ws/build/turtlebot3_simulations' returned '0': AMENT_PREFIX_PATH=/home/adi/turtlebot3_ws/install/turtlebot3_gazebo:/home/adi/turtlebot3_ws/install/turtlebot3_fake_node:${AMENT_PREFIX_PATH} CMAKE_PREFIX_PATH=/home/adi/turtlebot3_ws/install/turtlebot3_gazebo:/home/adi/turtlebot3_ws/install/turtlebot3_fake_node:/home/adi/arduinobot_ws/install/aruinobot_cpp_examples:/home/adi/arduinobot_ws/install/arduinobot_remote:/home/adi/arduinobot_ws/install/arduinobot_msgs:/home/adi/arduinobot_ws/install/arduinobot_movit:/home/adi/arduinobot_ws/install/arduinobot_description:/home/adi/arduinobot_ws/install/arduinobot_controller:/home/adi/arduinobot_ws/install/arduinobot_utils:/home/adi/arduinobot_ws/install/arduinobot_py_examples:/opt/ros/humble:/home/adi/catkin_ws/devel:/opt/ros/noetic /usr/bin/cmake --build /home/adi/turtlebot3_ws/build/turtlebot3_simulations -- -j12 -l12
[0.888s] Invoking command in '/home/adi/turtlebot3_ws/build/turtlebot3_simulations': AMENT_PREFIX_PATH=/home/adi/turtlebot3_ws/install/turtlebot3_gazebo:/home/adi/turtlebot3_ws/install/turtlebot3_fake_node:${AMENT_PREFIX_PATH} CMAKE_PREFIX_PATH=/home/adi/turtlebot3_ws/install/turtlebot3_gazebo:/home/adi/turtlebot3_ws/install/turtlebot3_fake_node:/home/adi/arduinobot_ws/install/aruinobot_cpp_examples:/home/adi/arduinobot_ws/install/arduinobot_remote:/home/adi/arduinobot_ws/install/arduinobot_msgs:/home/adi/arduinobot_ws/install/arduinobot_movit:/home/adi/arduinobot_ws/install/arduinobot_description:/home/adi/arduinobot_ws/install/arduinobot_controller:/home/adi/arduinobot_ws/install/arduinobot_utils:/home/adi/arduinobot_ws/install/arduinobot_py_examples:/opt/ros/humble:/home/adi/catkin_ws/devel:/opt/ros/noetic /usr/bin/cmake --install /home/adi/turtlebot3_ws/build/turtlebot3_simulations
[0.893s] -- Install configuration: ""
[0.893s] -- Installing: /home/adi/turtlebot3_ws/install/turtlebot3_simulations/share/ament_index/resource_index/package_run_dependencies/turtlebot3_simulations
[0.893s] -- Installing: /home/adi/turtlebot3_ws/install/turtlebot3_simulations/share/ament_index/resource_index/parent_prefix_path/turtlebot3_simulations
[0.894s] -- Installing: /home/adi/turtlebot3_ws/install/turtlebot3_simulations/share/turtlebot3_simulations/environment/ament_prefix_path.sh
[0.894s] -- Installing: /home/adi/turtlebot3_ws/install/turtlebot3_simulations/share/turtlebot3_simulations/environment/ament_prefix_path.dsv
[0.894s] -- Installing: /home/adi/turtlebot3_ws/install/turtlebot3_simulations/share/turtlebot3_simulations/environment/path.sh
[0.894s] -- Installing: /home/adi/turtlebot3_ws/install/turtlebot3_simulations/share/turtlebot3_simulations/environment/path.dsv
[0.894s] -- Installing: /home/adi/turtlebot3_ws/install/turtlebot3_simulations/share/turtlebot3_simulations/local_setup.bash
[0.894s] -- Installing: /home/adi/turtlebot3_ws/install/turtlebot3_simulations/share/turtlebot3_simulations/local_setup.sh
[0.894s] -- Installing: /home/adi/turtlebot3_ws/install/turtlebot3_simulations/share/turtlebot3_simulations/local_setup.zsh
[0.894s] -- Installing: /home/adi/turtlebot3_ws/install/turtlebot3_simulations/share/turtlebot3_simulations/local_setup.dsv
[0.894s] -- Installing: /home/adi/turtlebot3_ws/install/turtlebot3_simulations/share/turtlebot3_simulations/package.dsv
[0.894s] -- Installing: /home/adi/turtlebot3_ws/install/turtlebot3_simulations/share/ament_index/resource_index/packages/turtlebot3_simulations
[0.894s] -- Installing: /home/adi/turtlebot3_ws/install/turtlebot3_simulations/share/turtlebot3_simulations/cmake/turtlebot3_simulationsConfig.cmake
[0.894s] -- Installing: /home/adi/turtlebot3_ws/install/turtlebot3_simulations/share/turtlebot3_simulations/cmake/turtlebot3_simulationsConfig-version.cmake
[0.895s] -- Installing: /home/adi/turtlebot3_ws/install/turtlebot3_simulations/share/turtlebot3_simulations/package.xml
[0.897s] Invoked command in '/home/adi/turtlebot3_ws/build/turtlebot3_simulations' returned '0': AMENT_PREFIX_PATH=/home/adi/turtlebot3_ws/install/turtlebot3_gazebo:/home/adi/turtlebot3_ws/install/turtlebot3_fake_node:${AMENT_PREFIX_PATH} CMAKE_PREFIX_PATH=/home/adi/turtlebot3_ws/install/turtlebot3_gazebo:/home/adi/turtlebot3_ws/install/turtlebot3_fake_node:/home/adi/arduinobot_ws/install/aruinobot_cpp_examples:/home/adi/arduinobot_ws/install/arduinobot_remote:/home/adi/arduinobot_ws/install/arduinobot_msgs:/home/adi/arduinobot_ws/install/arduinobot_movit:/home/adi/arduinobot_ws/install/arduinobot_description:/home/adi/arduinobot_ws/install/arduinobot_controller:/home/adi/arduinobot_ws/install/arduinobot_utils:/home/adi/arduinobot_ws/install/arduinobot_py_examples:/opt/ros/humble:/home/adi/catkin_ws/devel:/opt/ros/noetic /usr/bin/cmake --install /home/adi/turtlebot3_ws/build/turtlebot3_simulations
